2021-06-02T19:14:36+00:00 CRITICAL Uncaught TypeError: Elementor\Elements_Manager::create_element_instance(): Argument #1 ($element_data) must be of type array, string given, called in /opt/lampp/htdocs/word/wordpress/wp-content/plugins/elementor/core/base/document.php on line 811 and defined in /opt/lampp/htdocs/word/wordpress/wp-content/plugins/elementor/includes/managers/elements.php:68
Stack trace:
#0 /opt/lampp/htdocs/word/wordpress/wp-content/plugins/elementor/core/base/document.php(811): Elementor\Elements_Manager->create_element_instance('Array')
#1 /opt/lampp/htdocs/word/wordpress/wp-content/plugins/astra-sites/inc/importers/batch-processing/class-astra-sites-batch-processing-elementor.php(121): Elementor\Core\Base\Document->get_elements_raw_data(Array, true)
#2 /opt/lampp/htdocs/word/wordpress/wp-content/plugins/astra-sites/inc/importers/batch-processing/class-astra-sites-batch-processing-elementor.php(66): Elementor\TemplateLibrary\Astra_Sites_Batch_Processing_Elementor->import_single_post(307)
#3 /opt/lampp/htdocs/word/wordpress/wp-content/plugins/astra-sites/inc/importers/batch-processing/helpers/class-wp-background-process-astra.php(41): Elementor\TemplateLibrary\Astra_Sites_Batch_Processing_Elementor->import()
#4 /opt/lampp/htdocs/word/wordpress/wp-content/plugins/woocommerce/includes/libraries/wp-background-process.php(301): WP_Background_Process_Astra->task(Object(Elementor\TemplateLibrary\Astra_Sites_Batch_Processing_Elementor))
#5 /opt/lampp/htdocs/word/wordpress/wp-content/plugins/woocommerce/includes/libraries/wp-background-process.php(447): WP_Background_Process->handle()
#6 /opt/lampp/htdocs/word/wordpress/wp-includes/class-wp-hook.php(292): WP_Background_Process->handle_cron_healthcheck()
#7 /opt/lampp/htdocs/word/wordpress/wp-includes/class-wp-hook.php(316): WP_Hook->apply_filters('', Array)
#8 /opt/lampp/htdocs/word/wordpress/wp-includes/plugin.php(551): WP_Hook->do_action(Array)
#9 /opt/lampp/htdocs/word/wordpress/wp-cron.php(138): do_action_ref_array('wp_image_proces...', Array)
#10 {main}
  thrown dans /opt/lampp/htdocs/word/wordpress/wp-content/plugins/elementor/includes/managers/elements.php à la ligne 68

2021-06-02T19:14:37+00:00 CRITICAL Uncaught Error: Unknown named parameter $tasks_meta_id in /opt/lampp/htdocs/word/wordpress/wp-includes/class-wp-hook.php:292
Stack trace:
#0 /opt/lampp/htdocs/word/wordpress/wp-includes/class-wp-hook.php(316): WP_Hook->apply_filters('', Array)
#1 /opt/lampp/htdocs/word/wordpress/wp-includes/plugin.php(551): WP_Hook->do_action(Array)
#2 /opt/lampp/htdocs/word/wordpress/wp-content/plugins/woocommerce/packages/action-scheduler/classes/actions/ActionScheduler_Action.php(22): do_action_ref_array('wpforms_process...', Array)
#3 /opt/lampp/htdocs/word/wordpress/wp-content/plugins/woocommerce/packages/action-scheduler/classes/abstracts/ActionScheduler_Abstract_QueueRunner.php(65): ActionScheduler_Action->execute()
#4 /opt/lampp/htdocs/word/wordpress/wp-content/plugins/woocommerce/packages/action-scheduler/classes/ActionScheduler_QueueRunner.php(162): ActionScheduler_Abstract_QueueRunner->process_action(233, 'Async Request')
#5 /opt/lampp/htdocs/word/wordpress/wp-content/plugins/woocommerce/packages/action-scheduler/classes/ActionScheduler_QueueRunner.php(132): ActionScheduler_QueueRunner->do_batch(25, 'Async Request')
#6 /opt/lampp/htdocs/word/wordpress/wp-includes/class-wp-hook.php(292): ActionScheduler_QueueRunner->run('Async Request')
#7 /opt/lampp/htdocs/word/wordpress/wp-includes/class-wp-hook.php(316): WP_Hook->apply_filters('', Array)
#8 /opt/lampp/htdocs/word/wordpress/wp-includes/plugin.php(484): WP_Hook->do_action(Array)
#9 /opt/lampp/htdocs/word/wordpress/wp-content/plugins/woocommerce/packages/action-scheduler/classes/ActionScheduler_AsyncRequest_QueueRunner.php(52): do_action('action_schedule...', 'Async Request')
#10 /opt/lampp/htdocs/word/wordpress/wp-content/plugins/woocommerce/includes/libraries/wp-async-request.php(147): ActionScheduler_AsyncRequest_QueueRunner->handle()
#11 /opt/lampp/htdocs/word/wordpress/wp-includes/class-wp-hook.php(292): WP_Async_Request->maybe_handle('')
#12 /opt/lampp/htdocs/word/wordpress/wp-includes/class-wp-hook.php(316): WP_Hook->apply_filters('', Array)
#13 /opt/lampp/htdocs/word/wordpress/wp-includes/plugin.php(484): WP_Hook->do_action(Array)
#14 /opt/lampp/htdocs/word/wordpress/wp-admin/admin-ajax.php(202): do_action('wp_ajax_nopriv_...')
#15 {main}
  thrown dans /opt/lampp/htdocs/word/wordpress/wp-includes/class-wp-hook.php à la ligne 292

2021-06-02T19:15:32+00:00 CRITICAL Uncaught Error: Unknown named parameter $tasks_meta_id in /opt/lampp/htdocs/word/wordpress/wp-includes/class-wp-hook.php:292
Stack trace:
#0 /opt/lampp/htdocs/word/wordpress/wp-includes/class-wp-hook.php(316): WP_Hook->apply_filters('', Array)
#1 /opt/lampp/htdocs/word/wordpress/wp-includes/plugin.php(551): WP_Hook->do_action(Array)
#2 /opt/lampp/htdocs/word/wordpress/wp-content/plugins/woocommerce/packages/action-scheduler/classes/actions/ActionScheduler_Action.php(22): do_action_ref_array('wpforms_email_s...', Array)
#3 /opt/lampp/htdocs/word/wordpress/wp-content/plugins/woocommerce/packages/action-scheduler/classes/abstracts/ActionScheduler_Abstract_QueueRunner.php(65): ActionScheduler_Action->execute()
#4 /opt/lampp/htdocs/word/wordpress/wp-content/plugins/woocommerce/packages/action-scheduler/classes/ActionScheduler_QueueRunner.php(162): ActionScheduler_Abstract_QueueRunner->process_action(510, 'WP Cron')
#5 /opt/lampp/htdocs/word/wordpress/wp-content/plugins/woocommerce/packages/action-scheduler/classes/ActionScheduler_QueueRunner.php(132): ActionScheduler_QueueRunner->do_batch(25, 'WP Cron')
#6 /opt/lampp/htdocs/word/wordpress/wp-includes/class-wp-hook.php(292): ActionScheduler_QueueRunner->run('WP Cron')
#7 /opt/lampp/htdocs/word/wordpress/wp-includes/class-wp-hook.php(316): WP_Hook->apply_filters('', Array)
#8 /opt/lampp/htdocs/word/wordpress/wp-includes/plugin.php(551): WP_Hook->do_action(Array)
#9 /opt/lampp/htdocs/word/wordpress/wp-cron.php(138): do_action_ref_array('action_schedule...', Array)
#10 {main}
  thrown dans /opt/lampp/htdocs/word/wordpress/wp-includes/class-wp-hook.php à la ligne 292

2021-06-02T19:16:36+00:00 CRITICAL Uncaught Error: Unknown named parameter $tasks_meta_id in /opt/lampp/htdocs/word/wordpress/wp-includes/class-wp-hook.php:292
Stack trace:
#0 /opt/lampp/htdocs/word/wordpress/wp-includes/class-wp-hook.php(316): WP_Hook->apply_filters('', Array)
#1 /opt/lampp/htdocs/word/wordpress/wp-includes/plugin.php(551): WP_Hook->do_action(Array)
#2 /opt/lampp/htdocs/word/wordpress/wp-content/plugins/woocommerce/packages/action-scheduler/classes/actions/ActionScheduler_Action.php(22): do_action_ref_array('wpforms_admin_n...', Array)
#3 /opt/lampp/htdocs/word/wordpress/wp-content/plugins/woocommerce/packages/action-scheduler/classes/abstracts/ActionScheduler_Abstract_QueueRunner.php(65): ActionScheduler_Action->execute()
#4 /opt/lampp/htdocs/word/wordpress/wp-content/plugins/woocommerce/packages/action-scheduler/classes/ActionScheduler_QueueRunner.php(162): ActionScheduler_Abstract_QueueRunner->process_action(512, 'Async Request')
#5 /opt/lampp/htdocs/word/wordpress/wp-content/plugins/woocommerce/packages/action-scheduler/classes/ActionScheduler_QueueRunner.php(132): ActionScheduler_QueueRunner->do_batch(25, 'Async Request')
#6 /opt/lampp/htdocs/word/wordpress/wp-includes/class-wp-hook.php(292): ActionScheduler_QueueRunner->run('Async Request')
#7 /opt/lampp/htdocs/word/wordpress/wp-includes/class-wp-hook.php(316): WP_Hook->apply_filters('', Array)
#8 /opt/lampp/htdocs/word/wordpress/wp-includes/plugin.php(484): WP_Hook->do_action(Array)
#9 /opt/lampp/htdocs/word/wordpress/wp-content/plugins/woocommerce/packages/action-scheduler/classes/ActionScheduler_AsyncRequest_QueueRunner.php(52): do_action('action_schedule...', 'Async Request')
#10 /opt/lampp/htdocs/word/wordpress/wp-content/plugins/woocommerce/includes/libraries/wp-async-request.php(147): ActionScheduler_AsyncRequest_QueueRunner->handle()
#11 /opt/lampp/htdocs/word/wordpress/wp-includes/class-wp-hook.php(292): WP_Async_Request->maybe_handle('')
#12 /opt/lampp/htdocs/word/wordpress/wp-includes/class-wp-hook.php(316): WP_Hook->apply_filters('', Array)
#13 /opt/lampp/htdocs/word/wordpress/wp-includes/plugin.php(484): WP_Hook->do_action(Array)
#14 /opt/lampp/htdocs/word/wordpress/wp-admin/admin-ajax.php(187): do_action('wp_ajax_as_asyn...')
#15 {main}
  thrown dans /opt/lampp/htdocs/word/wordpress/wp-includes/class-wp-hook.php à la ligne 292

2021-06-02T19:19:41+00:00 CRITICAL Uncaught TypeError: Elementor\Elements_Manager::create_element_instance(): Argument #1 ($element_data) must be of type array, string given, called in /opt/lampp/htdocs/word/wordpress/wp-content/plugins/elementor/core/base/document.php on line 811 and defined in /opt/lampp/htdocs/word/wordpress/wp-content/plugins/elementor/includes/managers/elements.php:68
Stack trace:
#0 /opt/lampp/htdocs/word/wordpress/wp-content/plugins/elementor/core/base/document.php(811): Elementor\Elements_Manager->create_element_instance('Array')
#1 /opt/lampp/htdocs/word/wordpress/wp-content/plugins/astra-sites/inc/importers/batch-processing/class-astra-sites-batch-processing-elementor.php(121): Elementor\Core\Base\Document->get_elements_raw_data(Array, true)
#2 /opt/lampp/htdocs/word/wordpress/wp-content/plugins/astra-sites/inc/importers/batch-processing/class-astra-sites-batch-processing-elementor.php(66): Elementor\TemplateLibrary\Astra_Sites_Batch_Processing_Elementor->import_single_post(307)
#3 /opt/lampp/htdocs/word/wordpress/wp-content/plugins/astra-sites/inc/importers/batch-processing/helpers/class-wp-background-process-astra.php(41): Elementor\TemplateLibrary\Astra_Sites_Batch_Processing_Elementor->import()
#4 /opt/lampp/htdocs/word/wordpress/wp-content/plugins/woocommerce/includes/libraries/wp-background-process.php(301): WP_Background_Process_Astra->task(Object(Elementor\TemplateLibrary\Astra_Sites_Batch_Processing_Elementor))
#5 /opt/lampp/htdocs/word/wordpress/wp-content/plugins/woocommerce/includes/libraries/wp-background-process.php(447): WP_Background_Process->handle()
#6 /opt/lampp/htdocs/word/wordpress/wp-includes/class-wp-hook.php(292): WP_Background_Process->handle_cron_healthcheck()
#7 /opt/lampp/htdocs/word/wordpress/wp-includes/class-wp-hook.php(316): WP_Hook->apply_filters('', Array)
#8 /opt/lampp/htdocs/word/wordpress/wp-includes/plugin.php(551): WP_Hook->do_action(Array)
#9 /opt/lampp/htdocs/word/wordpress/wp-cron.php(138): do_action_ref_array('wp_image_proces...', Array)
#10 {main}
  thrown dans /opt/lampp/htdocs/word/wordpress/wp-content/plugins/elementor/includes/managers/elements.php à la ligne 68

2021-06-02T19:22:49+00:00 CRITICAL Uncaught Error: Unknown named parameter $tasks_meta_id in /opt/lampp/htdocs/word/wordpress/wp-includes/class-wp-hook.php:292
Stack trace:
#0 /opt/lampp/htdocs/word/wordpress/wp-includes/class-wp-hook.php(316): WP_Hook->apply_filters('', Array)
#1 /opt/lampp/htdocs/word/wordpress/wp-includes/plugin.php(551): WP_Hook->do_action(Array)
#2 /opt/lampp/htdocs/word/wordpress/wp-content/plugins/woocommerce/packages/action-scheduler/classes/actions/ActionScheduler_Action.php(22): do_action_ref_array('wpforms_admin_n...', Array)
#3 /opt/lampp/htdocs/word/wordpress/wp-content/plugins/woocommerce/packages/action-scheduler/classes/abstracts/ActionScheduler_Abstract_QueueRunner.php(65): ActionScheduler_Action->execute()
#4 /opt/lampp/htdocs/word/wordpress/wp-content/plugins/woocommerce/packages/action-scheduler/classes/ActionScheduler_QueueRunner.php(162): ActionScheduler_Abstract_QueueRunner->process_action(514, 'WP Cron')
#5 /opt/lampp/htdocs/word/wordpress/wp-content/plugins/woocommerce/packages/action-scheduler/classes/ActionScheduler_QueueRunner.php(132): ActionScheduler_QueueRunner->do_batch(25, 'WP Cron')
#6 /opt/lampp/htdocs/word/wordpress/wp-includes/class-wp-hook.php(292): ActionScheduler_QueueRunner->run('WP Cron')
#7 /opt/lampp/htdocs/word/wordpress/wp-includes/class-wp-hook.php(316): WP_Hook->apply_filters('', Array)
#8 /opt/lampp/htdocs/word/wordpress/wp-includes/plugin.php(551): WP_Hook->do_action(Array)
#9 /opt/lampp/htdocs/word/wordpress/wp-cron.php(138): do_action_ref_array('action_schedule...', Array)
#10 {main}
  thrown dans /opt/lampp/htdocs/word/wordpress/wp-includes/class-wp-hook.php à la ligne 292

2021-06-02T19:23:48+00:00 CRITICAL Uncaught Error: Unknown named parameter $tasks_meta_id in /opt/lampp/htdocs/word/wordpress/wp-includes/class-wp-hook.php:292
Stack trace:
#0 /opt/lampp/htdocs/word/wordpress/wp-includes/class-wp-hook.php(316): WP_Hook->apply_filters('', Array)
#1 /opt/lampp/htdocs/word/wordpress/wp-includes/plugin.php(551): WP_Hook->do_action(Array)
#2 /opt/lampp/htdocs/word/wordpress/wp-content/plugins/woocommerce/packages/action-scheduler/classes/actions/ActionScheduler_Action.php(22): do_action_ref_array('wpforms_admin_n...', Array)
#3 /opt/lampp/htdocs/word/wordpress/wp-content/plugins/woocommerce/packages/action-scheduler/classes/abstracts/ActionScheduler_Abstract_QueueRunner.php(65): ActionScheduler_Action->execute()
#4 /opt/lampp/htdocs/word/wordpress/wp-content/plugins/woocommerce/packages/action-scheduler/classes/ActionScheduler_QueueRunner.php(162): ActionScheduler_Abstract_QueueRunner->process_action(515, 'WP Cron')
#5 /opt/lampp/htdocs/word/wordpress/wp-content/plugins/woocommerce/packages/action-scheduler/classes/ActionScheduler_QueueRunner.php(132): ActionScheduler_QueueRunner->do_batch(25, 'WP Cron')
#6 /opt/lampp/htdocs/word/wordpress/wp-includes/class-wp-hook.php(292): ActionScheduler_QueueRunner->run('WP Cron')
#7 /opt/lampp/htdocs/word/wordpress/wp-includes/class-wp-hook.php(316): WP_Hook->apply_filters('', Array)
#8 /opt/lampp/htdocs/word/wordpress/wp-includes/plugin.php(551): WP_Hook->do_action(Array)
#9 /opt/lampp/htdocs/word/wordpress/wp-cron.php(138): do_action_ref_array('action_schedule...', Array)
#10 {main}
  thrown dans /opt/lampp/htdocs/word/wordpress/wp-includes/class-wp-hook.php à la ligne 292

2021-06-02T19:24:50+00:00 CRITICAL Uncaught TypeError: Elementor\Elements_Manager::create_element_instance(): Argument #1 ($element_data) must be of type array, string given, called in /opt/lampp/htdocs/word/wordpress/wp-content/plugins/elementor/core/base/document.php on line 811 and defined in /opt/lampp/htdocs/word/wordpress/wp-content/plugins/elementor/includes/managers/elements.php:68
Stack trace:
#0 /opt/lampp/htdocs/word/wordpress/wp-content/plugins/elementor/core/base/document.php(811): Elementor\Elements_Manager->create_element_instance('Array')
#1 /opt/lampp/htdocs/word/wordpress/wp-content/plugins/astra-sites/inc/importers/batch-processing/class-astra-sites-batch-processing-elementor.php(121): Elementor\Core\Base\Document->get_elements_raw_data(Array, true)
#2 /opt/lampp/htdocs/word/wordpress/wp-content/plugins/astra-sites/inc/importers/batch-processing/class-astra-sites-batch-processing-elementor.php(66): Elementor\TemplateLibrary\Astra_Sites_Batch_Processing_Elementor->import_single_post(307)
#3 /opt/lampp/htdocs/word/wordpress/wp-content/plugins/astra-sites/inc/importers/batch-processing/helpers/class-wp-background-process-astra.php(41): Elementor\TemplateLibrary\Astra_Sites_Batch_Processing_Elementor->import()
#4 /opt/lampp/htdocs/word/wordpress/wp-content/plugins/woocommerce/includes/libraries/wp-background-process.php(301): WP_Background_Process_Astra->task(Object(Elementor\TemplateLibrary\Astra_Sites_Batch_Processing_Elementor))
#5 /opt/lampp/htdocs/word/wordpress/wp-content/plugins/woocommerce/includes/libraries/wp-background-process.php(447): WP_Background_Process->handle()
#6 /opt/lampp/htdocs/word/wordpress/wp-includes/class-wp-hook.php(292): WP_Background_Process->handle_cron_healthcheck()
#7 /opt/lampp/htdocs/word/wordpress/wp-includes/class-wp-hook.php(316): WP_Hook->apply_filters('', Array)
#8 /opt/lampp/htdocs/word/wordpress/wp-includes/plugin.php(551): WP_Hook->do_action(Array)
#9 /opt/lampp/htdocs/word/wordpress/wp-cron.php(138): do_action_ref_array('wp_image_proces...', Array)
#10 {main}
  thrown dans /opt/lampp/htdocs/word/wordpress/wp-content/plugins/elementor/includes/managers/elements.php à la ligne 68

2021-06-02T19:29:20+00:00 CRITICAL Uncaught TypeError: Elementor\Elements_Manager::create_element_instance(): Argument #1 ($element_data) must be of type array, string given, called in /opt/lampp/htdocs/word/wordpress/wp-content/plugins/elementor/core/base/document.php on line 811 and defined in /opt/lampp/htdocs/word/wordpress/wp-content/plugins/elementor/includes/managers/elements.php:68
Stack trace:
#0 /opt/lampp/htdocs/word/wordpress/wp-content/plugins/elementor/core/base/document.php(811): Elementor\Elements_Manager->create_element_instance('Array')
#1 /opt/lampp/htdocs/word/wordpress/wp-content/plugins/astra-sites/inc/importers/batch-processing/class-astra-sites-batch-processing-elementor.php(121): Elementor\Core\Base\Document->get_elements_raw_data(Array, true)
#2 /opt/lampp/htdocs/word/wordpress/wp-content/plugins/astra-sites/inc/importers/batch-processing/class-astra-sites-batch-processing-elementor.php(66): Elementor\TemplateLibrary\Astra_Sites_Batch_Processing_Elementor->import_single_post(307)
#3 /opt/lampp/htdocs/word/wordpress/wp-content/plugins/astra-sites/inc/importers/batch-processing/helpers/class-wp-background-process-astra.php(41): Elementor\TemplateLibrary\Astra_Sites_Batch_Processing_Elementor->import()
#4 /opt/lampp/htdocs/word/wordpress/wp-content/plugins/woocommerce/includes/libraries/wp-background-process.php(301): WP_Background_Process_Astra->task(Object(Elementor\TemplateLibrary\Astra_Sites_Batch_Processing_Elementor))
#5 /opt/lampp/htdocs/word/wordpress/wp-content/plugins/woocommerce/includes/libraries/wp-background-process.php(447): WP_Background_Process->handle()
#6 /opt/lampp/htdocs/word/wordpress/wp-includes/class-wp-hook.php(292): WP_Background_Process->handle_cron_healthcheck()
#7 /opt/lampp/htdocs/word/wordpress/wp-includes/class-wp-hook.php(316): WP_Hook->apply_filters('', Array)
#8 /opt/lampp/htdocs/word/wordpress/wp-includes/plugin.php(551): WP_Hook->do_action(Array)
#9 /opt/lampp/htdocs/word/wordpress/wp-cron.php(138): do_action_ref_array('wp_image_proces...', Array)
#10 {main}
  thrown dans /opt/lampp/htdocs/word/wordpress/wp-content/plugins/elementor/includes/managers/elements.php à la ligne 68

2021-06-02T19:34:50+00:00 CRITICAL Uncaught TypeError: Elementor\Elements_Manager::create_element_instance(): Argument #1 ($element_data) must be of type array, string given, called in /opt/lampp/htdocs/word/wordpress/wp-content/plugins/elementor/core/base/document.php on line 811 and defined in /opt/lampp/htdocs/word/wordpress/wp-content/plugins/elementor/includes/managers/elements.php:68
Stack trace:
#0 /opt/lampp/htdocs/word/wordpress/wp-content/plugins/elementor/core/base/document.php(811): Elementor\Elements_Manager->create_element_instance('Array')
#1 /opt/lampp/htdocs/word/wordpress/wp-content/plugins/astra-sites/inc/importers/batch-processing/class-astra-sites-batch-processing-elementor.php(121): Elementor\Core\Base\Document->get_elements_raw_data(Array, true)
#2 /opt/lampp/htdocs/word/wordpress/wp-content/plugins/astra-sites/inc/importers/batch-processing/class-astra-sites-batch-processing-elementor.php(66): Elementor\TemplateLibrary\Astra_Sites_Batch_Processing_Elementor->import_single_post(307)
#3 /opt/lampp/htdocs/word/wordpress/wp-content/plugins/astra-sites/inc/importers/batch-processing/helpers/class-wp-background-process-astra.php(41): Elementor\TemplateLibrary\Astra_Sites_Batch_Processing_Elementor->import()
#4 /opt/lampp/htdocs/word/wordpress/wp-content/plugins/woocommerce/includes/libraries/wp-background-process.php(301): WP_Background_Process_Astra->task(Object(Elementor\TemplateLibrary\Astra_Sites_Batch_Processing_Elementor))
#5 /opt/lampp/htdocs/word/wordpress/wp-content/plugins/woocommerce/includes/libraries/wp-background-process.php(447): WP_Background_Process->handle()
#6 /opt/lampp/htdocs/word/wordpress/wp-includes/class-wp-hook.php(292): WP_Background_Process->handle_cron_healthcheck()
#7 /opt/lampp/htdocs/word/wordpress/wp-includes/class-wp-hook.php(316): WP_Hook->apply_filters('', Array)
#8 /opt/lampp/htdocs/word/wordpress/wp-includes/plugin.php(551): WP_Hook->do_action(Array)
#9 /opt/lampp/htdocs/word/wordpress/wp-cron.php(138): do_action_ref_array('wp_image_proces...', Array)
#10 {main}
  thrown dans /opt/lampp/htdocs/word/wordpress/wp-content/plugins/elementor/includes/managers/elements.php à la ligne 68

2021-06-02T19:40:50+00:00 CRITICAL Uncaught TypeError: Elementor\Elements_Manager::create_element_instance(): Argument #1 ($element_data) must be of type array, string given, called in /opt/lampp/htdocs/word/wordpress/wp-content/plugins/elementor/core/base/document.php on line 811 and defined in /opt/lampp/htdocs/word/wordpress/wp-content/plugins/elementor/includes/managers/elements.php:68
Stack trace:
#0 /opt/lampp/htdocs/word/wordpress/wp-content/plugins/elementor/core/base/document.php(811): Elementor\Elements_Manager->create_element_instance('Array')
#1 /opt/lampp/htdocs/word/wordpress/wp-content/plugins/astra-sites/inc/importers/batch-processing/class-astra-sites-batch-processing-elementor.php(121): Elementor\Core\Base\Document->get_elements_raw_data(Array, true)
#2 /opt/lampp/htdocs/word/wordpress/wp-content/plugins/astra-sites/inc/importers/batch-processing/class-astra-sites-batch-processing-elementor.php(66): Elementor\TemplateLibrary\Astra_Sites_Batch_Processing_Elementor->import_single_post(307)
#3 /opt/lampp/htdocs/word/wordpress/wp-content/plugins/astra-sites/inc/importers/batch-processing/helpers/class-wp-background-process-astra.php(41): Elementor\TemplateLibrary\Astra_Sites_Batch_Processing_Elementor->import()
#4 /opt/lampp/htdocs/word/wordpress/wp-content/plugins/woocommerce/includes/libraries/wp-background-process.php(301): WP_Background_Process_Astra->task(Object(Elementor\TemplateLibrary\Astra_Sites_Batch_Processing_Elementor))
#5 /opt/lampp/htdocs/word/wordpress/wp-content/plugins/woocommerce/includes/libraries/wp-background-process.php(447): WP_Background_Process->handle()
#6 /opt/lampp/htdocs/word/wordpress/wp-includes/class-wp-hook.php(292): WP_Background_Process->handle_cron_healthcheck()
#7 /opt/lampp/htdocs/word/wordpress/wp-includes/class-wp-hook.php(316): WP_Hook->apply_filters('', Array)
#8 /opt/lampp/htdocs/word/wordpress/wp-includes/plugin.php(551): WP_Hook->do_action(Array)
#9 /opt/lampp/htdocs/word/wordpress/wp-cron.php(138): do_action_ref_array('wp_image_proces...', Array)
#10 {main}
  thrown dans /opt/lampp/htdocs/word/wordpress/wp-content/plugins/elementor/includes/managers/elements.php à la ligne 68

2021-06-02T19:44:50+00:00 CRITICAL Uncaught TypeError: Elementor\Elements_Manager::create_element_instance(): Argument #1 ($element_data) must be of type array, string given, called in /opt/lampp/htdocs/word/wordpress/wp-content/plugins/elementor/core/base/document.php on line 811 and defined in /opt/lampp/htdocs/word/wordpress/wp-content/plugins/elementor/includes/managers/elements.php:68
Stack trace:
#0 /opt/lampp/htdocs/word/wordpress/wp-content/plugins/elementor/core/base/document.php(811): Elementor\Elements_Manager->create_element_instance('Array')
#1 /opt/lampp/htdocs/word/wordpress/wp-content/plugins/astra-sites/inc/importers/batch-processing/class-astra-sites-batch-processing-elementor.php(121): Elementor\Core\Base\Document->get_elements_raw_data(Array, true)
#2 /opt/lampp/htdocs/word/wordpress/wp-content/plugins/astra-sites/inc/importers/batch-processing/class-astra-sites-batch-processing-elementor.php(66): Elementor\TemplateLibrary\Astra_Sites_Batch_Processing_Elementor->import_single_post(307)
#3 /opt/lampp/htdocs/word/wordpress/wp-content/plugins/astra-sites/inc/importers/batch-processing/helpers/class-wp-background-process-astra.php(41): Elementor\TemplateLibrary\Astra_Sites_Batch_Processing_Elementor->import()
#4 /opt/lampp/htdocs/word/wordpress/wp-content/plugins/woocommerce/includes/libraries/wp-background-process.php(301): WP_Background_Process_Astra->task(Object(Elementor\TemplateLibrary\Astra_Sites_Batch_Processing_Elementor))
#5 /opt/lampp/htdocs/word/wordpress/wp-content/plugins/woocommerce/includes/libraries/wp-background-process.php(447): WP_Background_Process->handle()
#6 /opt/lampp/htdocs/word/wordpress/wp-includes/class-wp-hook.php(292): WP_Background_Process->handle_cron_healthcheck()
#7 /opt/lampp/htdocs/word/wordpress/wp-includes/class-wp-hook.php(316): WP_Hook->apply_filters('', Array)
#8 /opt/lampp/htdocs/word/wordpress/wp-includes/plugin.php(551): WP_Hook->do_action(Array)
#9 /opt/lampp/htdocs/word/wordpress/wp-cron.php(138): do_action_ref_array('wp_image_proces...', Array)
#10 {main}
  thrown dans /opt/lampp/htdocs/word/wordpress/wp-content/plugins/elementor/includes/managers/elements.php à la ligne 68

2021-06-02T20:04:16+00:00 CRITICAL Uncaught TypeError: Elementor\Elements_Manager::create_element_instance(): Argument #1 ($element_data) must be of type array, string given, called in /opt/lampp/htdocs/word/wordpress/wp-content/plugins/elementor/core/base/document.php on line 811 and defined in /opt/lampp/htdocs/word/wordpress/wp-content/plugins/elementor/includes/managers/elements.php:68
Stack trace:
#0 /opt/lampp/htdocs/word/wordpress/wp-content/plugins/elementor/core/base/document.php(811): Elementor\Elements_Manager->create_element_instance('Array')
#1 /opt/lampp/htdocs/word/wordpress/wp-content/plugins/astra-sites/inc/importers/batch-processing/class-astra-sites-batch-processing-elementor.php(121): Elementor\Core\Base\Document->get_elements_raw_data(Array, true)
#2 /opt/lampp/htdocs/word/wordpress/wp-content/plugins/astra-sites/inc/importers/batch-processing/class-astra-sites-batch-processing-elementor.php(66): Elementor\TemplateLibrary\Astra_Sites_Batch_Processing_Elementor->import_single_post(307)
#3 /opt/lampp/htdocs/word/wordpress/wp-content/plugins/astra-sites/inc/importers/batch-processing/helpers/class-wp-background-process-astra.php(41): Elementor\TemplateLibrary\Astra_Sites_Batch_Processing_Elementor->import()
#4 /opt/lampp/htdocs/word/wordpress/wp-content/plugins/woocommerce/includes/libraries/wp-background-process.php(301): WP_Background_Process_Astra->task(Object(Elementor\TemplateLibrary\Astra_Sites_Batch_Processing_Elementor))
#5 /opt/lampp/htdocs/word/wordpress/wp-content/plugins/woocommerce/includes/libraries/wp-background-process.php(447): WP_Background_Process->handle()
#6 /opt/lampp/htdocs/word/wordpress/wp-includes/class-wp-hook.php(292): WP_Background_Process->handle_cron_healthcheck()
#7 /opt/lampp/htdocs/word/wordpress/wp-includes/class-wp-hook.php(316): WP_Hook->apply_filters('', Array)
#8 /opt/lampp/htdocs/word/wordpress/wp-includes/plugin.php(551): WP_Hook->do_action(Array)
#9 /opt/lampp/htdocs/word/wordpress/wp-cron.php(138): do_action_ref_array('wp_image_proces...', Array)
#10 {main}
  thrown dans /opt/lampp/htdocs/word/wordpress/wp-content/plugins/elementor/includes/managers/elements.php à la ligne 68

2021-06-02T20:09:27+00:00 CRITICAL Uncaught TypeError: Elementor\Elements_Manager::create_element_instance(): Argument #1 ($element_data) must be of type array, string given, called in /opt/lampp/htdocs/word/wordpress/wp-content/plugins/elementor/core/base/document.php on line 811 and defined in /opt/lampp/htdocs/word/wordpress/wp-content/plugins/elementor/includes/managers/elements.php:68
Stack trace:
#0 /opt/lampp/htdocs/word/wordpress/wp-content/plugins/elementor/core/base/document.php(811): Elementor\Elements_Manager->create_element_instance('Array')
#1 /opt/lampp/htdocs/word/wordpress/wp-content/plugins/astra-sites/inc/importers/batch-processing/class-astra-sites-batch-processing-elementor.php(121): Elementor\Core\Base\Document->get_elements_raw_data(Array, true)
#2 /opt/lampp/htdocs/word/wordpress/wp-content/plugins/astra-sites/inc/importers/batch-processing/class-astra-sites-batch-processing-elementor.php(66): Elementor\TemplateLibrary\Astra_Sites_Batch_Processing_Elementor->import_single_post(307)
#3 /opt/lampp/htdocs/word/wordpress/wp-content/plugins/astra-sites/inc/importers/batch-processing/helpers/class-wp-background-process-astra.php(41): Elementor\TemplateLibrary\Astra_Sites_Batch_Processing_Elementor->import()
#4 /opt/lampp/htdocs/word/wordpress/wp-content/plugins/woocommerce/includes/libraries/wp-background-process.php(301): WP_Background_Process_Astra->task(Object(Elementor\TemplateLibrary\Astra_Sites_Batch_Processing_Elementor))
#5 /opt/lampp/htdocs/word/wordpress/wp-content/plugins/woocommerce/includes/libraries/wp-background-process.php(447): WP_Background_Process->handle()
#6 /opt/lampp/htdocs/word/wordpress/wp-includes/class-wp-hook.php(292): WP_Background_Process->handle_cron_healthcheck()
#7 /opt/lampp/htdocs/word/wordpress/wp-includes/class-wp-hook.php(316): WP_Hook->apply_filters('', Array)
#8 /opt/lampp/htdocs/word/wordpress/wp-includes/plugin.php(551): WP_Hook->do_action(Array)
#9 /opt/lampp/htdocs/word/wordpress/wp-cron.php(138): do_action_ref_array('wp_image_proces...', Array)
#10 {main}
  thrown dans /opt/lampp/htdocs/word/wordpress/wp-content/plugins/elementor/includes/managers/elements.php à la ligne 68

2021-06-02T20:14:27+00:00 CRITICAL Uncaught TypeError: Elementor\Elements_Manager::create_element_instance(): Argument #1 ($element_data) must be of type array, string given, called in /opt/lampp/htdocs/word/wordpress/wp-content/plugins/elementor/core/base/document.php on line 811 and defined in /opt/lampp/htdocs/word/wordpress/wp-content/plugins/elementor/includes/managers/elements.php:68
Stack trace:
#0 /opt/lampp/htdocs/word/wordpress/wp-content/plugins/elementor/core/base/document.php(811): Elementor\Elements_Manager->create_element_instance('Array')
#1 /opt/lampp/htdocs/word/wordpress/wp-content/plugins/astra-sites/inc/importers/batch-processing/class-astra-sites-batch-processing-elementor.php(121): Elementor\Core\Base\Document->get_elements_raw_data(Array, true)
#2 /opt/lampp/htdocs/word/wordpress/wp-content/plugins/astra-sites/inc/importers/batch-processing/class-astra-sites-batch-processing-elementor.php(66): Elementor\TemplateLibrary\Astra_Sites_Batch_Processing_Elementor->import_single_post(307)
#3 /opt/lampp/htdocs/word/wordpress/wp-content/plugins/astra-sites/inc/importers/batch-processing/helpers/class-wp-background-process-astra.php(41): Elementor\TemplateLibrary\Astra_Sites_Batch_Processing_Elementor->import()
#4 /opt/lampp/htdocs/word/wordpress/wp-content/plugins/woocommerce/includes/libraries/wp-background-process.php(301): WP_Background_Process_Astra->task(Object(Elementor\TemplateLibrary\Astra_Sites_Batch_Processing_Elementor))
#5 /opt/lampp/htdocs/word/wordpress/wp-content/plugins/woocommerce/includes/libraries/wp-background-process.php(447): WP_Background_Process->handle()
#6 /opt/lampp/htdocs/word/wordpress/wp-includes/class-wp-hook.php(292): WP_Background_Process->handle_cron_healthcheck()
#7 /opt/lampp/htdocs/word/wordpress/wp-includes/class-wp-hook.php(316): WP_Hook->apply_filters('', Array)
#8 /opt/lampp/htdocs/word/wordpress/wp-includes/plugin.php(551): WP_Hook->do_action(Array)
#9 /opt/lampp/htdocs/word/wordpress/wp-cron.php(138): do_action_ref_array('wp_image_proces...', Array)
#10 {main}
  thrown dans /opt/lampp/htdocs/word/wordpress/wp-content/plugins/elementor/includes/managers/elements.php à la ligne 68

2021-06-02T20:19:27+00:00 CRITICAL Uncaught TypeError: Elementor\Elements_Manager::create_element_instance(): Argument #1 ($element_data) must be of type array, string given, called in /opt/lampp/htdocs/word/wordpress/wp-content/plugins/elementor/core/base/document.php on line 811 and defined in /opt/lampp/htdocs/word/wordpress/wp-content/plugins/elementor/includes/managers/elements.php:68
Stack trace:
#0 /opt/lampp/htdocs/word/wordpress/wp-content/plugins/elementor/core/base/document.php(811): Elementor\Elements_Manager->create_element_instance('Array')
#1 /opt/lampp/htdocs/word/wordpress/wp-content/plugins/astra-sites/inc/importers/batch-processing/class-astra-sites-batch-processing-elementor.php(121): Elementor\Core\Base\Document->get_elements_raw_data(Array, true)
#2 /opt/lampp/htdocs/word/wordpress/wp-content/plugins/astra-sites/inc/importers/batch-processing/class-astra-sites-batch-processing-elementor.php(66): Elementor\TemplateLibrary\Astra_Sites_Batch_Processing_Elementor->import_single_post(307)
#3 /opt/lampp/htdocs/word/wordpress/wp-content/plugins/astra-sites/inc/importers/batch-processing/helpers/class-wp-background-process-astra.php(41): Elementor\TemplateLibrary\Astra_Sites_Batch_Processing_Elementor->import()
#4 /opt/lampp/htdocs/word/wordpress/wp-content/plugins/woocommerce/includes/libraries/wp-background-process.php(301): WP_Background_Process_Astra->task(Object(Elementor\TemplateLibrary\Astra_Sites_Batch_Processing_Elementor))
#5 /opt/lampp/htdocs/word/wordpress/wp-content/plugins/woocommerce/includes/libraries/wp-background-process.php(447): WP_Background_Process->handle()
#6 /opt/lampp/htdocs/word/wordpress/wp-includes/class-wp-hook.php(292): WP_Background_Process->handle_cron_healthcheck()
#7 /opt/lampp/htdocs/word/wordpress/wp-includes/class-wp-hook.php(316): WP_Hook->apply_filters('', Array)
#8 /opt/lampp/htdocs/word/wordpress/wp-includes/plugin.php(551): WP_Hook->do_action(Array)
#9 /opt/lampp/htdocs/word/wordpress/wp-cron.php(138): do_action_ref_array('wp_image_proces...', Array)
#10 {main}
  thrown dans /opt/lampp/htdocs/word/wordpress/wp-content/plugins/elementor/includes/managers/elements.php à la ligne 68

2021-06-02T20:24:26+00:00 CRITICAL Uncaught TypeError: Elementor\Elements_Manager::create_element_instance(): Argument #1 ($element_data) must be of type array, string given, called in /opt/lampp/htdocs/word/wordpress/wp-content/plugins/elementor/core/base/document.php on line 811 and defined in /opt/lampp/htdocs/word/wordpress/wp-content/plugins/elementor/includes/managers/elements.php:68
Stack trace:
#0 /opt/lampp/htdocs/word/wordpress/wp-content/plugins/elementor/core/base/document.php(811): Elementor\Elements_Manager->create_element_instance('Array')
#1 /opt/lampp/htdocs/word/wordpress/wp-content/plugins/astra-sites/inc/importers/batch-processing/class-astra-sites-batch-processing-elementor.php(121): Elementor\Core\Base\Document->get_elements_raw_data(Array, true)
#2 /opt/lampp/htdocs/word/wordpress/wp-content/plugins/astra-sites/inc/importers/batch-processing/class-astra-sites-batch-processing-elementor.php(66): Elementor\TemplateLibrary\Astra_Sites_Batch_Processing_Elementor->import_single_post(307)
#3 /opt/lampp/htdocs/word/wordpress/wp-content/plugins/astra-sites/inc/importers/batch-processing/helpers/class-wp-background-process-astra.php(41): Elementor\TemplateLibrary\Astra_Sites_Batch_Processing_Elementor->import()
#4 /opt/lampp/htdocs/word/wordpress/wp-content/plugins/woocommerce/includes/libraries/wp-background-process.php(301): WP_Background_Process_Astra->task(Object(Elementor\TemplateLibrary\Astra_Sites_Batch_Processing_Elementor))
#5 /opt/lampp/htdocs/word/wordpress/wp-content/plugins/woocommerce/includes/libraries/wp-background-process.php(447): WP_Background_Process->handle()
#6 /opt/lampp/htdocs/word/wordpress/wp-includes/class-wp-hook.php(292): WP_Background_Process->handle_cron_healthcheck()
#7 /opt/lampp/htdocs/word/wordpress/wp-includes/class-wp-hook.php(316): WP_Hook->apply_filters('', Array)
#8 /opt/lampp/htdocs/word/wordpress/wp-includes/plugin.php(551): WP_Hook->do_action(Array)
#9 /opt/lampp/htdocs/word/wordpress/wp-cron.php(138): do_action_ref_array('wp_image_proces...', Array)
#10 {main}
  thrown dans /opt/lampp/htdocs/word/wordpress/wp-content/plugins/elementor/includes/managers/elements.php à la ligne 68

2021-06-02T20:29:26+00:00 CRITICAL Uncaught TypeError: Elementor\Elements_Manager::create_element_instance(): Argument #1 ($element_data) must be of type array, string given, called in /opt/lampp/htdocs/word/wordpress/wp-content/plugins/elementor/core/base/document.php on line 811 and defined in /opt/lampp/htdocs/word/wordpress/wp-content/plugins/elementor/includes/managers/elements.php:68
Stack trace:
#0 /opt/lampp/htdocs/word/wordpress/wp-content/plugins/elementor/core/base/document.php(811): Elementor\Elements_Manager->create_element_instance('Array')
#1 /opt/lampp/htdocs/word/wordpress/wp-content/plugins/astra-sites/inc/importers/batch-processing/class-astra-sites-batch-processing-elementor.php(121): Elementor\Core\Base\Document->get_elements_raw_data(Array, true)
#2 /opt/lampp/htdocs/word/wordpress/wp-content/plugins/astra-sites/inc/importers/batch-processing/class-astra-sites-batch-processing-elementor.php(66): Elementor\TemplateLibrary\Astra_Sites_Batch_Processing_Elementor->import_single_post(307)
#3 /opt/lampp/htdocs/word/wordpress/wp-content/plugins/astra-sites/inc/importers/batch-processing/helpers/class-wp-background-process-astra.php(41): Elementor\TemplateLibrary\Astra_Sites_Batch_Processing_Elementor->import()
#4 /opt/lampp/htdocs/word/wordpress/wp-content/plugins/woocommerce/includes/libraries/wp-background-process.php(301): WP_Background_Process_Astra->task(Object(Elementor\TemplateLibrary\Astra_Sites_Batch_Processing_Elementor))
#5 /opt/lampp/htdocs/word/wordpress/wp-content/plugins/woocommerce/includes/libraries/wp-background-process.php(447): WP_Background_Process->handle()
#6 /opt/lampp/htdocs/word/wordpress/wp-includes/class-wp-hook.php(292): WP_Background_Process->handle_cron_healthcheck()
#7 /opt/lampp/htdocs/word/wordpress/wp-includes/class-wp-hook.php(316): WP_Hook->apply_filters('', Array)
#8 /opt/lampp/htdocs/word/wordpress/wp-includes/plugin.php(551): WP_Hook->do_action(Array)
#9 /opt/lampp/htdocs/word/wordpress/wp-cron.php(138): do_action_ref_array('wp_image_proces...', Array)
#10 {main}
  thrown dans /opt/lampp/htdocs/word/wordpress/wp-content/plugins/elementor/includes/managers/elements.php à la ligne 68

2021-06-02T20:34:26+00:00 CRITICAL Uncaught TypeError: Elementor\Elements_Manager::create_element_instance(): Argument #1 ($element_data) must be of type array, string given, called in /opt/lampp/htdocs/word/wordpress/wp-content/plugins/elementor/core/base/document.php on line 811 and defined in /opt/lampp/htdocs/word/wordpress/wp-content/plugins/elementor/includes/managers/elements.php:68
Stack trace:
#0 /opt/lampp/htdocs/word/wordpress/wp-content/plugins/elementor/core/base/document.php(811): Elementor\Elements_Manager->create_element_instance('Array')
#1 /opt/lampp/htdocs/word/wordpress/wp-content/plugins/astra-sites/inc/importers/batch-processing/class-astra-sites-batch-processing-elementor.php(121): Elementor\Core\Base\Document->get_elements_raw_data(Array, true)
#2 /opt/lampp/htdocs/word/wordpress/wp-content/plugins/astra-sites/inc/importers/batch-processing/class-astra-sites-batch-processing-elementor.php(66): Elementor\TemplateLibrary\Astra_Sites_Batch_Processing_Elementor->import_single_post(307)
#3 /opt/lampp/htdocs/word/wordpress/wp-content/plugins/astra-sites/inc/importers/batch-processing/helpers/class-wp-background-process-astra.php(41): Elementor\TemplateLibrary\Astra_Sites_Batch_Processing_Elementor->import()
#4 /opt/lampp/htdocs/word/wordpress/wp-content/plugins/woocommerce/includes/libraries/wp-background-process.php(301): WP_Background_Process_Astra->task(Object(Elementor\TemplateLibrary\Astra_Sites_Batch_Processing_Elementor))
#5 /opt/lampp/htdocs/word/wordpress/wp-content/plugins/woocommerce/includes/libraries/wp-background-process.php(447): WP_Background_Process->handle()
#6 /opt/lampp/htdocs/word/wordpress/wp-includes/class-wp-hook.php(292): WP_Background_Process->handle_cron_healthcheck()
#7 /opt/lampp/htdocs/word/wordpress/wp-includes/class-wp-hook.php(316): WP_Hook->apply_filters('', Array)
#8 /opt/lampp/htdocs/word/wordpress/wp-includes/plugin.php(551): WP_Hook->do_action(Array)
#9 /opt/lampp/htdocs/word/wordpress/wp-cron.php(138): do_action_ref_array('wp_image_proces...', Array)
#10 {main}
  thrown dans /opt/lampp/htdocs/word/wordpress/wp-content/plugins/elementor/includes/managers/elements.php à la ligne 68

2021-06-02T20:39:26+00:00 CRITICAL Uncaught TypeError: Elementor\Elements_Manager::create_element_instance(): Argument #1 ($element_data) must be of type array, string given, called in /opt/lampp/htdocs/word/wordpress/wp-content/plugins/elementor/core/base/document.php on line 811 and defined in /opt/lampp/htdocs/word/wordpress/wp-content/plugins/elementor/includes/managers/elements.php:68
Stack trace:
#0 /opt/lampp/htdocs/word/wordpress/wp-content/plugins/elementor/core/base/document.php(811): Elementor\Elements_Manager->create_element_instance('Array')
#1 /opt/lampp/htdocs/word/wordpress/wp-content/plugins/astra-sites/inc/importers/batch-processing/class-astra-sites-batch-processing-elementor.php(121): Elementor\Core\Base\Document->get_elements_raw_data(Array, true)
#2 /opt/lampp/htdocs/word/wordpress/wp-content/plugins/astra-sites/inc/importers/batch-processing/class-astra-sites-batch-processing-elementor.php(66): Elementor\TemplateLibrary\Astra_Sites_Batch_Processing_Elementor->import_single_post(307)
#3 /opt/lampp/htdocs/word/wordpress/wp-content/plugins/astra-sites/inc/importers/batch-processing/helpers/class-wp-background-process-astra.php(41): Elementor\TemplateLibrary\Astra_Sites_Batch_Processing_Elementor->import()
#4 /opt/lampp/htdocs/word/wordpress/wp-content/plugins/woocommerce/includes/libraries/wp-background-process.php(301): WP_Background_Process_Astra->task(Object(Elementor\TemplateLibrary\Astra_Sites_Batch_Processing_Elementor))
#5 /opt/lampp/htdocs/word/wordpress/wp-content/plugins/woocommerce/includes/libraries/wp-background-process.php(447): WP_Background_Process->handle()
#6 /opt/lampp/htdocs/word/wordpress/wp-includes/class-wp-hook.php(292): WP_Background_Process->handle_cron_healthcheck()
#7 /opt/lampp/htdocs/word/wordpress/wp-includes/class-wp-hook.php(316): WP_Hook->apply_filters('', Array)
#8 /opt/lampp/htdocs/word/wordpress/wp-includes/plugin.php(551): WP_Hook->do_action(Array)
#9 /opt/lampp/htdocs/word/wordpress/wp-cron.php(138): do_action_ref_array('wp_image_proces...', Array)
#10 {main}
  thrown dans /opt/lampp/htdocs/word/wordpress/wp-content/plugins/elementor/includes/managers/elements.php à la ligne 68

2021-06-02T20:44:21+00:00 CRITICAL Uncaught TypeError: Elementor\Elements_Manager::create_element_instance(): Argument #1 ($element_data) must be of type array, string given, called in /opt/lampp/htdocs/word/wordpress/wp-content/plugins/elementor/core/base/document.php on line 811 and defined in /opt/lampp/htdocs/word/wordpress/wp-content/plugins/elementor/includes/managers/elements.php:68
Stack trace:
#0 /opt/lampp/htdocs/word/wordpress/wp-content/plugins/elementor/core/base/document.php(811): Elementor\Elements_Manager->create_element_instance('Array')
#1 /opt/lampp/htdocs/word/wordpress/wp-content/plugins/astra-sites/inc/importers/batch-processing/class-astra-sites-batch-processing-elementor.php(121): Elementor\Core\Base\Document->get_elements_raw_data(Array, true)
#2 /opt/lampp/htdocs/word/wordpress/wp-content/plugins/astra-sites/inc/importers/batch-processing/class-astra-sites-batch-processing-elementor.php(66): Elementor\TemplateLibrary\Astra_Sites_Batch_Processing_Elementor->import_single_post(307)
#3 /opt/lampp/htdocs/word/wordpress/wp-content/plugins/astra-sites/inc/importers/batch-processing/helpers/class-wp-background-process-astra.php(41): Elementor\TemplateLibrary\Astra_Sites_Batch_Processing_Elementor->import()
#4 /opt/lampp/htdocs/word/wordpress/wp-content/plugins/woocommerce/includes/libraries/wp-background-process.php(301): WP_Background_Process_Astra->task(Object(Elementor\TemplateLibrary\Astra_Sites_Batch_Processing_Elementor))
#5 /opt/lampp/htdocs/word/wordpress/wp-content/plugins/woocommerce/includes/libraries/wp-background-process.php(447): WP_Background_Process->handle()
#6 /opt/lampp/htdocs/word/wordpress/wp-includes/class-wp-hook.php(292): WP_Background_Process->handle_cron_healthcheck()
#7 /opt/lampp/htdocs/word/wordpress/wp-includes/class-wp-hook.php(316): WP_Hook->apply_filters('', Array)
#8 /opt/lampp/htdocs/word/wordpress/wp-includes/plugin.php(551): WP_Hook->do_action(Array)
#9 /opt/lampp/htdocs/word/wordpress/wp-cron.php(138): do_action_ref_array('wp_image_proces...', Array)
#10 {main}
  thrown dans /opt/lampp/htdocs/word/wordpress/wp-content/plugins/elementor/includes/managers/elements.php à la ligne 68

2021-06-02T20:49:24+00:00 CRITICAL Uncaught TypeError: Elementor\Elements_Manager::create_element_instance(): Argument #1 ($element_data) must be of type array, string given, called in /opt/lampp/htdocs/word/wordpress/wp-content/plugins/elementor/core/base/document.php on line 811 and defined in /opt/lampp/htdocs/word/wordpress/wp-content/plugins/elementor/includes/managers/elements.php:68
Stack trace:
#0 /opt/lampp/htdocs/word/wordpress/wp-content/plugins/elementor/core/base/document.php(811): Elementor\Elements_Manager->create_element_instance('Array')
#1 /opt/lampp/htdocs/word/wordpress/wp-content/plugins/astra-sites/inc/importers/batch-processing/class-astra-sites-batch-processing-elementor.php(121): Elementor\Core\Base\Document->get_elements_raw_data(Array, true)
#2 /opt/lampp/htdocs/word/wordpress/wp-content/plugins/astra-sites/inc/importers/batch-processing/class-astra-sites-batch-processing-elementor.php(66): Elementor\TemplateLibrary\Astra_Sites_Batch_Processing_Elementor->import_single_post(307)
#3 /opt/lampp/htdocs/word/wordpress/wp-content/plugins/astra-sites/inc/importers/batch-processing/helpers/class-wp-background-process-astra.php(41): Elementor\TemplateLibrary\Astra_Sites_Batch_Processing_Elementor->import()
#4 /opt/lampp/htdocs/word/wordpress/wp-content/plugins/woocommerce/includes/libraries/wp-background-process.php(301): WP_Background_Process_Astra->task(Object(Elementor\TemplateLibrary\Astra_Sites_Batch_Processing_Elementor))
#5 /opt/lampp/htdocs/word/wordpress/wp-content/plugins/woocommerce/includes/libraries/wp-background-process.php(447): WP_Background_Process->handle()
#6 /opt/lampp/htdocs/word/wordpress/wp-includes/class-wp-hook.php(292): WP_Background_Process->handle_cron_healthcheck()
#7 /opt/lampp/htdocs/word/wordpress/wp-includes/class-wp-hook.php(316): WP_Hook->apply_filters('', Array)
#8 /opt/lampp/htdocs/word/wordpress/wp-includes/plugin.php(551): WP_Hook->do_action(Array)
#9 /opt/lampp/htdocs/word/wordpress/wp-cron.php(138): do_action_ref_array('wp_image_proces...', Array)
#10 {main}
  thrown dans /opt/lampp/htdocs/word/wordpress/wp-content/plugins/elementor/includes/managers/elements.php à la ligne 68

2021-06-02T20:54:15+00:00 CRITICAL Uncaught TypeError: Elementor\Elements_Manager::create_element_instance(): Argument #1 ($element_data) must be of type array, string given, called in /opt/lampp/htdocs/word/wordpress/wp-content/plugins/elementor/core/base/document.php on line 811 and defined in /opt/lampp/htdocs/word/wordpress/wp-content/plugins/elementor/includes/managers/elements.php:68
Stack trace:
#0 /opt/lampp/htdocs/word/wordpress/wp-content/plugins/elementor/core/base/document.php(811): Elementor\Elements_Manager->create_element_instance('Array')
#1 /opt/lampp/htdocs/word/wordpress/wp-content/plugins/astra-sites/inc/importers/batch-processing/class-astra-sites-batch-processing-elementor.php(121): Elementor\Core\Base\Document->get_elements_raw_data(Array, true)
#2 /opt/lampp/htdocs/word/wordpress/wp-content/plugins/astra-sites/inc/importers/batch-processing/class-astra-sites-batch-processing-elementor.php(66): Elementor\TemplateLibrary\Astra_Sites_Batch_Processing_Elementor->import_single_post(307)
#3 /opt/lampp/htdocs/word/wordpress/wp-content/plugins/astra-sites/inc/importers/batch-processing/helpers/class-wp-background-process-astra.php(41): Elementor\TemplateLibrary\Astra_Sites_Batch_Processing_Elementor->import()
#4 /opt/lampp/htdocs/word/wordpress/wp-content/plugins/woocommerce/includes/libraries/wp-background-process.php(301): WP_Background_Process_Astra->task(Object(Elementor\TemplateLibrary\Astra_Sites_Batch_Processing_Elementor))
#5 /opt/lampp/htdocs/word/wordpress/wp-content/plugins/woocommerce/includes/libraries/wp-background-process.php(447): WP_Background_Process->handle()
#6 /opt/lampp/htdocs/word/wordpress/wp-includes/class-wp-hook.php(292): WP_Background_Process->handle_cron_healthcheck()
#7 /opt/lampp/htdocs/word/wordpress/wp-includes/class-wp-hook.php(316): WP_Hook->apply_filters('', Array)
#8 /opt/lampp/htdocs/word/wordpress/wp-includes/plugin.php(551): WP_Hook->do_action(Array)
#9 /opt/lampp/htdocs/word/wordpress/wp-cron.php(138): do_action_ref_array('wp_image_proces...', Array)
#10 {main}
  thrown dans /opt/lampp/htdocs/word/wordpress/wp-content/plugins/elementor/includes/managers/elements.php à la ligne 68

2021-06-02T20:59:16+00:00 CRITICAL Uncaught TypeError: Elementor\Elements_Manager::create_element_instance(): Argument #1 ($element_data) must be of type array, string given, called in /opt/lampp/htdocs/word/wordpress/wp-content/plugins/elementor/core/base/document.php on line 811 and defined in /opt/lampp/htdocs/word/wordpress/wp-content/plugins/elementor/includes/managers/elements.php:68
Stack trace:
#0 /opt/lampp/htdocs/word/wordpress/wp-content/plugins/elementor/core/base/document.php(811): Elementor\Elements_Manager->create_element_instance('Array')
#1 /opt/lampp/htdocs/word/wordpress/wp-content/plugins/astra-sites/inc/importers/batch-processing/class-astra-sites-batch-processing-elementor.php(121): Elementor\Core\Base\Document->get_elements_raw_data(Array, true)
#2 /opt/lampp/htdocs/word/wordpress/wp-content/plugins/astra-sites/inc/importers/batch-processing/class-astra-sites-batch-processing-elementor.php(66): Elementor\TemplateLibrary\Astra_Sites_Batch_Processing_Elementor->import_single_post(307)
#3 /opt/lampp/htdocs/word/wordpress/wp-content/plugins/astra-sites/inc/importers/batch-processing/helpers/class-wp-background-process-astra.php(41): Elementor\TemplateLibrary\Astra_Sites_Batch_Processing_Elementor->import()
#4 /opt/lampp/htdocs/word/wordpress/wp-content/plugins/woocommerce/includes/libraries/wp-background-process.php(301): WP_Background_Process_Astra->task(Object(Elementor\TemplateLibrary\Astra_Sites_Batch_Processing_Elementor))
#5 /opt/lampp/htdocs/word/wordpress/wp-content/plugins/woocommerce/includes/libraries/wp-background-process.php(447): WP_Background_Process->handle()
#6 /opt/lampp/htdocs/word/wordpress/wp-includes/class-wp-hook.php(292): WP_Background_Process->handle_cron_healthcheck()
#7 /opt/lampp/htdocs/word/wordpress/wp-includes/class-wp-hook.php(316): WP_Hook->apply_filters('', Array)
#8 /opt/lampp/htdocs/word/wordpress/wp-includes/plugin.php(551): WP_Hook->do_action(Array)
#9 /opt/lampp/htdocs/word/wordpress/wp-cron.php(138): do_action_ref_array('wp_image_proces...', Array)
#10 {main}
  thrown dans /opt/lampp/htdocs/word/wordpress/wp-content/plugins/elementor/includes/managers/elements.php à la ligne 68

2021-06-02T21:05:25+00:00 CRITICAL Uncaught TypeError: Elementor\Elements_Manager::create_element_instance(): Argument #1 ($element_data) must be of type array, string given, called in /opt/lampp/htdocs/word/wordpress/wp-content/plugins/elementor/core/base/document.php on line 811 and defined in /opt/lampp/htdocs/word/wordpress/wp-content/plugins/elementor/includes/managers/elements.php:68
Stack trace:
#0 /opt/lampp/htdocs/word/wordpress/wp-content/plugins/elementor/core/base/document.php(811): Elementor\Elements_Manager->create_element_instance('Array')
#1 /opt/lampp/htdocs/word/wordpress/wp-content/plugins/astra-sites/inc/importers/batch-processing/class-astra-sites-batch-processing-elementor.php(121): Elementor\Core\Base\Document->get_elements_raw_data(Array, true)
#2 /opt/lampp/htdocs/word/wordpress/wp-content/plugins/astra-sites/inc/importers/batch-processing/class-astra-sites-batch-processing-elementor.php(66): Elementor\TemplateLibrary\Astra_Sites_Batch_Processing_Elementor->import_single_post(307)
#3 /opt/lampp/htdocs/word/wordpress/wp-content/plugins/astra-sites/inc/importers/batch-processing/helpers/class-wp-background-process-astra.php(41): Elementor\TemplateLibrary\Astra_Sites_Batch_Processing_Elementor->import()
#4 /opt/lampp/htdocs/word/wordpress/wp-content/plugins/woocommerce/includes/libraries/wp-background-process.php(301): WP_Background_Process_Astra->task(Object(Elementor\TemplateLibrary\Astra_Sites_Batch_Processing_Elementor))
#5 /opt/lampp/htdocs/word/wordpress/wp-content/plugins/woocommerce/includes/libraries/wp-background-process.php(447): WP_Background_Process->handle()
#6 /opt/lampp/htdocs/word/wordpress/wp-includes/class-wp-hook.php(292): WP_Background_Process->handle_cron_healthcheck()
#7 /opt/lampp/htdocs/word/wordpress/wp-includes/class-wp-hook.php(316): WP_Hook->apply_filters('', Array)
#8 /opt/lampp/htdocs/word/wordpress/wp-includes/plugin.php(551): WP_Hook->do_action(Array)
#9 /opt/lampp/htdocs/word/wordpress/wp-cron.php(138): do_action_ref_array('wp_image_proces...', Array)
#10 {main}
  thrown dans /opt/lampp/htdocs/word/wordpress/wp-content/plugins/elementor/includes/managers/elements.php à la ligne 68

2021-06-02T21:09:29+00:00 CRITICAL Uncaught TypeError: Elementor\Elements_Manager::create_element_instance(): Argument #1 ($element_data) must be of type array, string given, called in /opt/lampp/htdocs/word/wordpress/wp-content/plugins/elementor/core/base/document.php on line 811 and defined in /opt/lampp/htdocs/word/wordpress/wp-content/plugins/elementor/includes/managers/elements.php:68
Stack trace:
#0 /opt/lampp/htdocs/word/wordpress/wp-content/plugins/elementor/core/base/document.php(811): Elementor\Elements_Manager->create_element_instance('Array')
#1 /opt/lampp/htdocs/word/wordpress/wp-content/plugins/astra-sites/inc/importers/batch-processing/class-astra-sites-batch-processing-elementor.php(121): Elementor\Core\Base\Document->get_elements_raw_data(Array, true)
#2 /opt/lampp/htdocs/word/wordpress/wp-content/plugins/astra-sites/inc/importers/batch-processing/class-astra-sites-batch-processing-elementor.php(66): Elementor\TemplateLibrary\Astra_Sites_Batch_Processing_Elementor->import_single_post(307)
#3 /opt/lampp/htdocs/word/wordpress/wp-content/plugins/astra-sites/inc/importers/batch-processing/helpers/class-wp-background-process-astra.php(41): Elementor\TemplateLibrary\Astra_Sites_Batch_Processing_Elementor->import()
#4 /opt/lampp/htdocs/word/wordpress/wp-content/plugins/woocommerce/includes/libraries/wp-background-process.php(301): WP_Background_Process_Astra->task(Object(Elementor\TemplateLibrary\Astra_Sites_Batch_Processing_Elementor))
#5 /opt/lampp/htdocs/word/wordpress/wp-content/plugins/woocommerce/includes/libraries/wp-background-process.php(447): WP_Background_Process->handle()
#6 /opt/lampp/htdocs/word/wordpress/wp-includes/class-wp-hook.php(292): WP_Background_Process->handle_cron_healthcheck()
#7 /opt/lampp/htdocs/word/wordpress/wp-includes/class-wp-hook.php(316): WP_Hook->apply_filters('', Array)
#8 /opt/lampp/htdocs/word/wordpress/wp-includes/plugin.php(551): WP_Hook->do_action(Array)
#9 /opt/lampp/htdocs/word/wordpress/wp-cron.php(138): do_action_ref_array('wp_image_proces...', Array)
#10 {main}
  thrown dans /opt/lampp/htdocs/word/wordpress/wp-content/plugins/elementor/includes/managers/elements.php à la ligne 68

2021-06-02T21:14:45+00:00 CRITICAL Uncaught TypeError: Elementor\Elements_Manager::create_element_instance(): Argument #1 ($element_data) must be of type array, string given, called in /opt/lampp/htdocs/word/wordpress/wp-content/plugins/elementor/core/base/document.php on line 811 and defined in /opt/lampp/htdocs/word/wordpress/wp-content/plugins/elementor/includes/managers/elements.php:68
Stack trace:
#0 /opt/lampp/htdocs/word/wordpress/wp-content/plugins/elementor/core/base/document.php(811): Elementor\Elements_Manager->create_element_instance('Array')
#1 /opt/lampp/htdocs/word/wordpress/wp-content/plugins/astra-sites/inc/importers/batch-processing/class-astra-sites-batch-processing-elementor.php(121): Elementor\Core\Base\Document->get_elements_raw_data(Array, true)
#2 /opt/lampp/htdocs/word/wordpress/wp-content/plugins/astra-sites/inc/importers/batch-processing/class-astra-sites-batch-processing-elementor.php(66): Elementor\TemplateLibrary\Astra_Sites_Batch_Processing_Elementor->import_single_post(307)
#3 /opt/lampp/htdocs/word/wordpress/wp-content/plugins/astra-sites/inc/importers/batch-processing/helpers/class-wp-background-process-astra.php(41): Elementor\TemplateLibrary\Astra_Sites_Batch_Processing_Elementor->import()
#4 /opt/lampp/htdocs/word/wordpress/wp-content/plugins/woocommerce/includes/libraries/wp-background-process.php(301): WP_Background_Process_Astra->task(Object(Elementor\TemplateLibrary\Astra_Sites_Batch_Processing_Elementor))
#5 /opt/lampp/htdocs/word/wordpress/wp-content/plugins/woocommerce/includes/libraries/wp-background-process.php(447): WP_Background_Process->handle()
#6 /opt/lampp/htdocs/word/wordpress/wp-includes/class-wp-hook.php(292): WP_Background_Process->handle_cron_healthcheck()
#7 /opt/lampp/htdocs/word/wordpress/wp-includes/class-wp-hook.php(316): WP_Hook->apply_filters('', Array)
#8 /opt/lampp/htdocs/word/wordpress/wp-includes/plugin.php(551): WP_Hook->do_action(Array)
#9 /opt/lampp/htdocs/word/wordpress/wp-cron.php(138): do_action_ref_array('wp_image_proces...', Array)
#10 {main}
  thrown dans /opt/lampp/htdocs/word/wordpress/wp-content/plugins/elementor/includes/managers/elements.php à la ligne 68

2021-06-02T21:20:45+00:00 CRITICAL Uncaught TypeError: Elementor\Elements_Manager::create_element_instance(): Argument #1 ($element_data) must be of type array, string given, called in /opt/lampp/htdocs/word/wordpress/wp-content/plugins/elementor/core/base/document.php on line 811 and defined in /opt/lampp/htdocs/word/wordpress/wp-content/plugins/elementor/includes/managers/elements.php:68
Stack trace:
#0 /opt/lampp/htdocs/word/wordpress/wp-content/plugins/elementor/core/base/document.php(811): Elementor\Elements_Manager->create_element_instance('Array')
#1 /opt/lampp/htdocs/word/wordpress/wp-content/plugins/astra-sites/inc/importers/batch-processing/class-astra-sites-batch-processing-elementor.php(121): Elementor\Core\Base\Document->get_elements_raw_data(Array, true)
#2 /opt/lampp/htdocs/word/wordpress/wp-content/plugins/astra-sites/inc/importers/batch-processing/class-astra-sites-batch-processing-elementor.php(66): Elementor\TemplateLibrary\Astra_Sites_Batch_Processing_Elementor->import_single_post(307)
#3 /opt/lampp/htdocs/word/wordpress/wp-content/plugins/astra-sites/inc/importers/batch-processing/helpers/class-wp-background-process-astra.php(41): Elementor\TemplateLibrary\Astra_Sites_Batch_Processing_Elementor->import()
#4 /opt/lampp/htdocs/word/wordpress/wp-content/plugins/woocommerce/includes/libraries/wp-background-process.php(301): WP_Background_Process_Astra->task(Object(Elementor\TemplateLibrary\Astra_Sites_Batch_Processing_Elementor))
#5 /opt/lampp/htdocs/word/wordpress/wp-content/plugins/woocommerce/includes/libraries/wp-background-process.php(447): WP_Background_Process->handle()
#6 /opt/lampp/htdocs/word/wordpress/wp-includes/class-wp-hook.php(292): WP_Background_Process->handle_cron_healthcheck()
#7 /opt/lampp/htdocs/word/wordpress/wp-includes/class-wp-hook.php(316): WP_Hook->apply_filters('', Array)
#8 /opt/lampp/htdocs/word/wordpress/wp-includes/plugin.php(551): WP_Hook->do_action(Array)
#9 /opt/lampp/htdocs/word/wordpress/wp-cron.php(138): do_action_ref_array('wp_image_proces...', Array)
#10 {main}
  thrown dans /opt/lampp/htdocs/word/wordpress/wp-content/plugins/elementor/includes/managers/elements.php à la ligne 68

2021-06-02T21:24:21+00:00 CRITICAL Uncaught TypeError: Elementor\Elements_Manager::create_element_instance(): Argument #1 ($element_data) must be of type array, string given, called in /opt/lampp/htdocs/word/wordpress/wp-content/plugins/elementor/core/base/document.php on line 811 and defined in /opt/lampp/htdocs/word/wordpress/wp-content/plugins/elementor/includes/managers/elements.php:68
Stack trace:
#0 /opt/lampp/htdocs/word/wordpress/wp-content/plugins/elementor/core/base/document.php(811): Elementor\Elements_Manager->create_element_instance('Array')
#1 /opt/lampp/htdocs/word/wordpress/wp-content/plugins/astra-sites/inc/importers/batch-processing/class-astra-sites-batch-processing-elementor.php(121): Elementor\Core\Base\Document->get_elements_raw_data(Array, true)
#2 /opt/lampp/htdocs/word/wordpress/wp-content/plugins/astra-sites/inc/importers/batch-processing/class-astra-sites-batch-processing-elementor.php(66): Elementor\TemplateLibrary\Astra_Sites_Batch_Processing_Elementor->import_single_post(307)
#3 /opt/lampp/htdocs/word/wordpress/wp-content/plugins/astra-sites/inc/importers/batch-processing/helpers/class-wp-background-process-astra.php(41): Elementor\TemplateLibrary\Astra_Sites_Batch_Processing_Elementor->import()
#4 /opt/lampp/htdocs/word/wordpress/wp-content/plugins/woocommerce/includes/libraries/wp-background-process.php(301): WP_Background_Process_Astra->task(Object(Elementor\TemplateLibrary\Astra_Sites_Batch_Processing_Elementor))
#5 /opt/lampp/htdocs/word/wordpress/wp-content/plugins/woocommerce/includes/libraries/wp-background-process.php(447): WP_Background_Process->handle()
#6 /opt/lampp/htdocs/word/wordpress/wp-includes/class-wp-hook.php(292): WP_Background_Process->handle_cron_healthcheck()
#7 /opt/lampp/htdocs/word/wordpress/wp-includes/class-wp-hook.php(316): WP_Hook->apply_filters('', Array)
#8 /opt/lampp/htdocs/word/wordpress/wp-includes/plugin.php(551): WP_Hook->do_action(Array)
#9 /opt/lampp/htdocs/word/wordpress/wp-cron.php(138): do_action_ref_array('wp_image_proces...', Array)
#10 {main}
  thrown dans /opt/lampp/htdocs/word/wordpress/wp-content/plugins/elementor/includes/managers/elements.php à la ligne 68

2021-06-02T21:29:21+00:00 CRITICAL Uncaught TypeError: Elementor\Elements_Manager::create_element_instance(): Argument #1 ($element_data) must be of type array, string given, called in /opt/lampp/htdocs/word/wordpress/wp-content/plugins/elementor/core/base/document.php on line 811 and defined in /opt/lampp/htdocs/word/wordpress/wp-content/plugins/elementor/includes/managers/elements.php:68
Stack trace:
#0 /opt/lampp/htdocs/word/wordpress/wp-content/plugins/elementor/core/base/document.php(811): Elementor\Elements_Manager->create_element_instance('Array')
#1 /opt/lampp/htdocs/word/wordpress/wp-content/plugins/astra-sites/inc/importers/batch-processing/class-astra-sites-batch-processing-elementor.php(121): Elementor\Core\Base\Document->get_elements_raw_data(Array, true)
#2 /opt/lampp/htdocs/word/wordpress/wp-content/plugins/astra-sites/inc/importers/batch-processing/class-astra-sites-batch-processing-elementor.php(66): Elementor\TemplateLibrary\Astra_Sites_Batch_Processing_Elementor->import_single_post(307)
#3 /opt/lampp/htdocs/word/wordpress/wp-content/plugins/astra-sites/inc/importers/batch-processing/helpers/class-wp-background-process-astra.php(41): Elementor\TemplateLibrary\Astra_Sites_Batch_Processing_Elementor->import()
#4 /opt/lampp/htdocs/word/wordpress/wp-content/plugins/woocommerce/includes/libraries/wp-background-process.php(301): WP_Background_Process_Astra->task(Object(Elementor\TemplateLibrary\Astra_Sites_Batch_Processing_Elementor))
#5 /opt/lampp/htdocs/word/wordpress/wp-content/plugins/woocommerce/includes/libraries/wp-background-process.php(447): WP_Background_Process->handle()
#6 /opt/lampp/htdocs/word/wordpress/wp-includes/class-wp-hook.php(292): WP_Background_Process->handle_cron_healthcheck()
#7 /opt/lampp/htdocs/word/wordpress/wp-includes/class-wp-hook.php(316): WP_Hook->apply_filters('', Array)
#8 /opt/lampp/htdocs/word/wordpress/wp-includes/plugin.php(551): WP_Hook->do_action(Array)
#9 /opt/lampp/htdocs/word/wordpress/wp-cron.php(138): do_action_ref_array('wp_image_proces...', Array)
#10 {main}
  thrown dans /opt/lampp/htdocs/word/wordpress/wp-content/plugins/elementor/includes/managers/elements.php à la ligne 68

